ARM GAS  /tmp/cc5LAXPf.s 			page 1


   1              		.cpu cortex-m4
   2              		.eabi_attribute 27, 1
   3              		.eabi_attribute 28, 1
   4              		.eabi_attribute 20, 1
   5              		.eabi_attribute 21, 1
   6              		.eabi_attribute 23, 3
   7              		.eabi_attribute 24, 1
   8              		.eabi_attribute 25, 1
   9              		.eabi_attribute 26, 1
  10              		.eabi_attribute 30, 1
  11              		.eabi_attribute 34, 1
  12              		.eabi_attribute 18, 4
  13              		.file	"stm32f4xx_hal_pwr_ex.c"
  14              		.text
  15              	.Ltext0:
  16              		.cfi_sections	.debug_frame
  17              		.section	.text.HAL_PWREx_EnableBkUpReg,"ax",%progbits
  18              		.align	1
  19              		.global	HAL_PWREx_EnableBkUpReg
  20              		.arch armv7e-m
  21              		.syntax unified
  22              		.thumb
  23              		.thumb_func
  24              		.fpu fpv4-sp-d16
  26              	HAL_PWREx_EnableBkUpReg:
  27              	.LFB134:
  28              		.file 1 "/home/vtrnnhlinh/STM32Cube/Repository/STM32Cube_FW_F4_V1.28.0/Drivers/STM32F4xx_HAL_Drive
   1:/home/vtrnnhlinh/STM32Cube/Repository/STM32Cube_FW_F4_V1.28.0/Drivers/STM32F4xx_HAL_Driver/Src/stm32f4xx_hal_pwr_ex.c **** /**
   2:/home/vtrnnhlinh/STM32Cube/Repository/STM32Cube_FW_F4_V1.28.0/Drivers/STM32F4xx_HAL_Driver/Src/stm32f4xx_hal_pwr_ex.c ****   ******************************************************************************
   3:/home/vtrnnhlinh/STM32Cube/Repository/STM32Cube_FW_F4_V1.28.0/Drivers/STM32F4xx_HAL_Driver/Src/stm32f4xx_hal_pwr_ex.c ****   * @file    stm32f4xx_hal_pwr_ex.c
   4:/home/vtrnnhlinh/STM32Cube/Repository/STM32Cube_FW_F4_V1.28.0/Drivers/STM32F4xx_HAL_Driver/Src/stm32f4xx_hal_pwr_ex.c ****   * @author  MCD Application Team
   5:/home/vtrnnhlinh/STM32Cube/Repository/STM32Cube_FW_F4_V1.28.0/Drivers/STM32F4xx_HAL_Driver/Src/stm32f4xx_hal_pwr_ex.c ****   * @brief   Extended PWR HAL module driver.
   6:/home/vtrnnhlinh/STM32Cube/Repository/STM32Cube_FW_F4_V1.28.0/Drivers/STM32F4xx_HAL_Driver/Src/stm32f4xx_hal_pwr_ex.c ****   *          This file provides firmware functions to manage the following 
   7:/home/vtrnnhlinh/STM32Cube/Repository/STM32Cube_FW_F4_V1.28.0/Drivers/STM32F4xx_HAL_Driver/Src/stm32f4xx_hal_pwr_ex.c ****   *          functionalities of PWR extension peripheral:           
   8:/home/vtrnnhlinh/STM32Cube/Repository/STM32Cube_FW_F4_V1.28.0/Drivers/STM32F4xx_HAL_Driver/Src/stm32f4xx_hal_pwr_ex.c ****   *           + Peripheral Extended features functions
   9:/home/vtrnnhlinh/STM32Cube/Repository/STM32Cube_FW_F4_V1.28.0/Drivers/STM32F4xx_HAL_Driver/Src/stm32f4xx_hal_pwr_ex.c ****   *         
  10:/home/vtrnnhlinh/STM32Cube/Repository/STM32Cube_FW_F4_V1.28.0/Drivers/STM32F4xx_HAL_Driver/Src/stm32f4xx_hal_pwr_ex.c ****   ******************************************************************************
  11:/home/vtrnnhlinh/STM32Cube/Repository/STM32Cube_FW_F4_V1.28.0/Drivers/STM32F4xx_HAL_Driver/Src/stm32f4xx_hal_pwr_ex.c ****   * @attention
  12:/home/vtrnnhlinh/STM32Cube/Repository/STM32Cube_FW_F4_V1.28.0/Drivers/STM32F4xx_HAL_Driver/Src/stm32f4xx_hal_pwr_ex.c ****   *
  13:/home/vtrnnhlinh/STM32Cube/Repository/STM32Cube_FW_F4_V1.28.0/Drivers/STM32F4xx_HAL_Driver/Src/stm32f4xx_hal_pwr_ex.c ****   * Copyright (c) 2017 STMicroelectronics.
  14:/home/vtrnnhlinh/STM32Cube/Repository/STM32Cube_FW_F4_V1.28.0/Drivers/STM32F4xx_HAL_Driver/Src/stm32f4xx_hal_pwr_ex.c ****   * All rights reserved.
  15:/home/vtrnnhlinh/STM32Cube/Repository/STM32Cube_FW_F4_V1.28.0/Drivers/STM32F4xx_HAL_Driver/Src/stm32f4xx_hal_pwr_ex.c ****   *
  16:/home/vtrnnhlinh/STM32Cube/Repository/STM32Cube_FW_F4_V1.28.0/Drivers/STM32F4xx_HAL_Driver/Src/stm32f4xx_hal_pwr_ex.c ****   * This software is licensed under terms that can be found in the LICENSE file in
  17:/home/vtrnnhlinh/STM32Cube/Repository/STM32Cube_FW_F4_V1.28.0/Drivers/STM32F4xx_HAL_Driver/Src/stm32f4xx_hal_pwr_ex.c ****   * the root directory of this software component.
  18:/home/vtrnnhlinh/STM32Cube/Repository/STM32Cube_FW_F4_V1.28.0/Drivers/STM32F4xx_HAL_Driver/Src/stm32f4xx_hal_pwr_ex.c ****   * If no LICENSE file comes with this software, it is provided AS-IS.
  19:/home/vtrnnhlinh/STM32Cube/Repository/STM32Cube_FW_F4_V1.28.0/Drivers/STM32F4xx_HAL_Driver/Src/stm32f4xx_hal_pwr_ex.c ****   ******************************************************************************
  20:/home/vtrnnhlinh/STM32Cube/Repository/STM32Cube_FW_F4_V1.28.0/Drivers/STM32F4xx_HAL_Driver/Src/stm32f4xx_hal_pwr_ex.c ****   */ 
  21:/home/vtrnnhlinh/STM32Cube/Repository/STM32Cube_FW_F4_V1.28.0/Drivers/STM32F4xx_HAL_Driver/Src/stm32f4xx_hal_pwr_ex.c **** 
  22:/home/vtrnnhlinh/STM32Cube/Repository/STM32Cube_FW_F4_V1.28.0/Drivers/STM32F4xx_HAL_Driver/Src/stm32f4xx_hal_pwr_ex.c **** /* Includes ------------------------------------------------------------------*/
  23:/home/vtrnnhlinh/STM32Cube/Repository/STM32Cube_FW_F4_V1.28.0/Drivers/STM32F4xx_HAL_Driver/Src/stm32f4xx_hal_pwr_ex.c **** #include "stm32f4xx_hal.h"
  24:/home/vtrnnhlinh/STM32Cube/Repository/STM32Cube_FW_F4_V1.28.0/Drivers/STM32F4xx_HAL_Driver/Src/stm32f4xx_hal_pwr_ex.c **** 
  25:/home/vtrnnhlinh/STM32Cube/Repository/STM32Cube_FW_F4_V1.28.0/Drivers/STM32F4xx_HAL_Driver/Src/stm32f4xx_hal_pwr_ex.c **** /** @addtogroup STM32F4xx_HAL_Driver
  26:/home/vtrnnhlinh/STM32Cube/Repository/STM32Cube_FW_F4_V1.28.0/Drivers/STM32F4xx_HAL_Driver/Src/stm32f4xx_hal_pwr_ex.c ****   * @{
  27:/home/vtrnnhlinh/STM32Cube/Repository/STM32Cube_FW_F4_V1.28.0/Drivers/STM32F4xx_HAL_Driver/Src/stm32f4xx_hal_pwr_ex.c ****   */
  28:/home/vtrnnhlinh/STM32Cube/Repository/STM32Cube_FW_F4_V1.28.0/Drivers/STM32F4xx_HAL_Driver/Src/stm32f4xx_hal_pwr_ex.c **** 
  29:/home/vtrnnhlinh/STM32Cube/Repository/STM32Cube_FW_F4_V1.28.0/Drivers/STM32F4xx_HAL_Driver/Src/stm32f4xx_hal_pwr_ex.c **** /** @defgroup PWREx PWREx
  30:/home/vtrnnhlinh/STM32Cube/Repository/STM32Cube_FW_F4_V1.28.0/Drivers/STM32F4xx_HAL_Driver/Src/stm32f4xx_hal_pwr_ex.c ****   * @brief PWR HAL module driver
ARM GAS  /tmp/cc5LAXPf.s 			page 2


  31:/home/vtrnnhlinh/STM32Cube/Repository/STM32Cube_FW_F4_V1.28.0/Drivers/STM32F4xx_HAL_Driver/Src/stm32f4xx_hal_pwr_ex.c ****   * @{
  32:/home/vtrnnhlinh/STM32Cube/Repository/STM32Cube_FW_F4_V1.28.0/Drivers/STM32F4xx_HAL_Driver/Src/stm32f4xx_hal_pwr_ex.c ****   */
  33:/home/vtrnnhlinh/STM32Cube/Repository/STM32Cube_FW_F4_V1.28.0/Drivers/STM32F4xx_HAL_Driver/Src/stm32f4xx_hal_pwr_ex.c **** 
  34:/home/vtrnnhlinh/STM32Cube/Repository/STM32Cube_FW_F4_V1.28.0/Drivers/STM32F4xx_HAL_Driver/Src/stm32f4xx_hal_pwr_ex.c **** #ifdef HAL_PWR_MODULE_ENABLED
  35:/home/vtrnnhlinh/STM32Cube/Repository/STM32Cube_FW_F4_V1.28.0/Drivers/STM32F4xx_HAL_Driver/Src/stm32f4xx_hal_pwr_ex.c **** 
  36:/home/vtrnnhlinh/STM32Cube/Repository/STM32Cube_FW_F4_V1.28.0/Drivers/STM32F4xx_HAL_Driver/Src/stm32f4xx_hal_pwr_ex.c **** /* Private typedef -----------------------------------------------------------*/
  37:/home/vtrnnhlinh/STM32Cube/Repository/STM32Cube_FW_F4_V1.28.0/Drivers/STM32F4xx_HAL_Driver/Src/stm32f4xx_hal_pwr_ex.c **** /* Private define ------------------------------------------------------------*/
  38:/home/vtrnnhlinh/STM32Cube/Repository/STM32Cube_FW_F4_V1.28.0/Drivers/STM32F4xx_HAL_Driver/Src/stm32f4xx_hal_pwr_ex.c **** /** @addtogroup PWREx_Private_Constants
  39:/home/vtrnnhlinh/STM32Cube/Repository/STM32Cube_FW_F4_V1.28.0/Drivers/STM32F4xx_HAL_Driver/Src/stm32f4xx_hal_pwr_ex.c ****   * @{
  40:/home/vtrnnhlinh/STM32Cube/Repository/STM32Cube_FW_F4_V1.28.0/Drivers/STM32F4xx_HAL_Driver/Src/stm32f4xx_hal_pwr_ex.c ****   */    
  41:/home/vtrnnhlinh/STM32Cube/Repository/STM32Cube_FW_F4_V1.28.0/Drivers/STM32F4xx_HAL_Driver/Src/stm32f4xx_hal_pwr_ex.c **** #define PWR_OVERDRIVE_TIMEOUT_VALUE  1000U
  42:/home/vtrnnhlinh/STM32Cube/Repository/STM32Cube_FW_F4_V1.28.0/Drivers/STM32F4xx_HAL_Driver/Src/stm32f4xx_hal_pwr_ex.c **** #define PWR_UDERDRIVE_TIMEOUT_VALUE  1000U
  43:/home/vtrnnhlinh/STM32Cube/Repository/STM32Cube_FW_F4_V1.28.0/Drivers/STM32F4xx_HAL_Driver/Src/stm32f4xx_hal_pwr_ex.c **** #define PWR_BKPREG_TIMEOUT_VALUE     1000U
  44:/home/vtrnnhlinh/STM32Cube/Repository/STM32Cube_FW_F4_V1.28.0/Drivers/STM32F4xx_HAL_Driver/Src/stm32f4xx_hal_pwr_ex.c **** #define PWR_VOSRDY_TIMEOUT_VALUE     1000U
  45:/home/vtrnnhlinh/STM32Cube/Repository/STM32Cube_FW_F4_V1.28.0/Drivers/STM32F4xx_HAL_Driver/Src/stm32f4xx_hal_pwr_ex.c **** /**
  46:/home/vtrnnhlinh/STM32Cube/Repository/STM32Cube_FW_F4_V1.28.0/Drivers/STM32F4xx_HAL_Driver/Src/stm32f4xx_hal_pwr_ex.c ****   * @}
  47:/home/vtrnnhlinh/STM32Cube/Repository/STM32Cube_FW_F4_V1.28.0/Drivers/STM32F4xx_HAL_Driver/Src/stm32f4xx_hal_pwr_ex.c ****   */
  48:/home/vtrnnhlinh/STM32Cube/Repository/STM32Cube_FW_F4_V1.28.0/Drivers/STM32F4xx_HAL_Driver/Src/stm32f4xx_hal_pwr_ex.c **** 
  49:/home/vtrnnhlinh/STM32Cube/Repository/STM32Cube_FW_F4_V1.28.0/Drivers/STM32F4xx_HAL_Driver/Src/stm32f4xx_hal_pwr_ex.c ****    
  50:/home/vtrnnhlinh/STM32Cube/Repository/STM32Cube_FW_F4_V1.28.0/Drivers/STM32F4xx_HAL_Driver/Src/stm32f4xx_hal_pwr_ex.c **** /* Private macro -------------------------------------------------------------*/
  51:/home/vtrnnhlinh/STM32Cube/Repository/STM32Cube_FW_F4_V1.28.0/Drivers/STM32F4xx_HAL_Driver/Src/stm32f4xx_hal_pwr_ex.c **** /* Private variables ---------------------------------------------------------*/
  52:/home/vtrnnhlinh/STM32Cube/Repository/STM32Cube_FW_F4_V1.28.0/Drivers/STM32F4xx_HAL_Driver/Src/stm32f4xx_hal_pwr_ex.c **** /* Private function prototypes -----------------------------------------------*/
  53:/home/vtrnnhlinh/STM32Cube/Repository/STM32Cube_FW_F4_V1.28.0/Drivers/STM32F4xx_HAL_Driver/Src/stm32f4xx_hal_pwr_ex.c **** /* Private functions ---------------------------------------------------------*/
  54:/home/vtrnnhlinh/STM32Cube/Repository/STM32Cube_FW_F4_V1.28.0/Drivers/STM32F4xx_HAL_Driver/Src/stm32f4xx_hal_pwr_ex.c **** /** @defgroup PWREx_Exported_Functions PWREx Exported Functions
  55:/home/vtrnnhlinh/STM32Cube/Repository/STM32Cube_FW_F4_V1.28.0/Drivers/STM32F4xx_HAL_Driver/Src/stm32f4xx_hal_pwr_ex.c ****   *  @{
  56:/home/vtrnnhlinh/STM32Cube/Repository/STM32Cube_FW_F4_V1.28.0/Drivers/STM32F4xx_HAL_Driver/Src/stm32f4xx_hal_pwr_ex.c ****   */
  57:/home/vtrnnhlinh/STM32Cube/Repository/STM32Cube_FW_F4_V1.28.0/Drivers/STM32F4xx_HAL_Driver/Src/stm32f4xx_hal_pwr_ex.c **** 
  58:/home/vtrnnhlinh/STM32Cube/Repository/STM32Cube_FW_F4_V1.28.0/Drivers/STM32F4xx_HAL_Driver/Src/stm32f4xx_hal_pwr_ex.c **** /** @defgroup PWREx_Exported_Functions_Group1 Peripheral Extended features functions 
  59:/home/vtrnnhlinh/STM32Cube/Repository/STM32Cube_FW_F4_V1.28.0/Drivers/STM32F4xx_HAL_Driver/Src/stm32f4xx_hal_pwr_ex.c ****   *  @brief Peripheral Extended features functions 
  60:/home/vtrnnhlinh/STM32Cube/Repository/STM32Cube_FW_F4_V1.28.0/Drivers/STM32F4xx_HAL_Driver/Src/stm32f4xx_hal_pwr_ex.c ****   *
  61:/home/vtrnnhlinh/STM32Cube/Repository/STM32Cube_FW_F4_V1.28.0/Drivers/STM32F4xx_HAL_Driver/Src/stm32f4xx_hal_pwr_ex.c **** @verbatim   
  62:/home/vtrnnhlinh/STM32Cube/Repository/STM32Cube_FW_F4_V1.28.0/Drivers/STM32F4xx_HAL_Driver/Src/stm32f4xx_hal_pwr_ex.c **** 
  63:/home/vtrnnhlinh/STM32Cube/Repository/STM32Cube_FW_F4_V1.28.0/Drivers/STM32F4xx_HAL_Driver/Src/stm32f4xx_hal_pwr_ex.c ****  ===============================================================================
  64:/home/vtrnnhlinh/STM32Cube/Repository/STM32Cube_FW_F4_V1.28.0/Drivers/STM32F4xx_HAL_Driver/Src/stm32f4xx_hal_pwr_ex.c ****                  ##### Peripheral extended features functions #####
  65:/home/vtrnnhlinh/STM32Cube/Repository/STM32Cube_FW_F4_V1.28.0/Drivers/STM32F4xx_HAL_Driver/Src/stm32f4xx_hal_pwr_ex.c ****  ===============================================================================
  66:/home/vtrnnhlinh/STM32Cube/Repository/STM32Cube_FW_F4_V1.28.0/Drivers/STM32F4xx_HAL_Driver/Src/stm32f4xx_hal_pwr_ex.c **** 
  67:/home/vtrnnhlinh/STM32Cube/Repository/STM32Cube_FW_F4_V1.28.0/Drivers/STM32F4xx_HAL_Driver/Src/stm32f4xx_hal_pwr_ex.c ****     *** Main and Backup Regulators configuration ***
  68:/home/vtrnnhlinh/STM32Cube/Repository/STM32Cube_FW_F4_V1.28.0/Drivers/STM32F4xx_HAL_Driver/Src/stm32f4xx_hal_pwr_ex.c ****     ================================================
  69:/home/vtrnnhlinh/STM32Cube/Repository/STM32Cube_FW_F4_V1.28.0/Drivers/STM32F4xx_HAL_Driver/Src/stm32f4xx_hal_pwr_ex.c ****     [..] 
  70:/home/vtrnnhlinh/STM32Cube/Repository/STM32Cube_FW_F4_V1.28.0/Drivers/STM32F4xx_HAL_Driver/Src/stm32f4xx_hal_pwr_ex.c ****       (+) The backup domain includes 4 Kbytes of backup SRAM accessible only from 
  71:/home/vtrnnhlinh/STM32Cube/Repository/STM32Cube_FW_F4_V1.28.0/Drivers/STM32F4xx_HAL_Driver/Src/stm32f4xx_hal_pwr_ex.c ****           the CPU, and address in 32-bit, 16-bit or 8-bit mode. Its content is 
  72:/home/vtrnnhlinh/STM32Cube/Repository/STM32Cube_FW_F4_V1.28.0/Drivers/STM32F4xx_HAL_Driver/Src/stm32f4xx_hal_pwr_ex.c ****           retained even in Standby or VBAT mode when the low power backup regulator
  73:/home/vtrnnhlinh/STM32Cube/Repository/STM32Cube_FW_F4_V1.28.0/Drivers/STM32F4xx_HAL_Driver/Src/stm32f4xx_hal_pwr_ex.c ****           is enabled. It can be considered as an internal EEPROM when VBAT is 
  74:/home/vtrnnhlinh/STM32Cube/Repository/STM32Cube_FW_F4_V1.28.0/Drivers/STM32F4xx_HAL_Driver/Src/stm32f4xx_hal_pwr_ex.c ****           always present. You can use the HAL_PWREx_EnableBkUpReg() function to 
  75:/home/vtrnnhlinh/STM32Cube/Repository/STM32Cube_FW_F4_V1.28.0/Drivers/STM32F4xx_HAL_Driver/Src/stm32f4xx_hal_pwr_ex.c ****           enable the low power backup regulator. 
  76:/home/vtrnnhlinh/STM32Cube/Repository/STM32Cube_FW_F4_V1.28.0/Drivers/STM32F4xx_HAL_Driver/Src/stm32f4xx_hal_pwr_ex.c **** 
  77:/home/vtrnnhlinh/STM32Cube/Repository/STM32Cube_FW_F4_V1.28.0/Drivers/STM32F4xx_HAL_Driver/Src/stm32f4xx_hal_pwr_ex.c ****       (+) When the backup domain is supplied by VDD (analog switch connected to VDD) 
  78:/home/vtrnnhlinh/STM32Cube/Repository/STM32Cube_FW_F4_V1.28.0/Drivers/STM32F4xx_HAL_Driver/Src/stm32f4xx_hal_pwr_ex.c ****           the backup SRAM is powered from VDD which replaces the VBAT power supply to 
  79:/home/vtrnnhlinh/STM32Cube/Repository/STM32Cube_FW_F4_V1.28.0/Drivers/STM32F4xx_HAL_Driver/Src/stm32f4xx_hal_pwr_ex.c ****           save battery life.
  80:/home/vtrnnhlinh/STM32Cube/Repository/STM32Cube_FW_F4_V1.28.0/Drivers/STM32F4xx_HAL_Driver/Src/stm32f4xx_hal_pwr_ex.c **** 
  81:/home/vtrnnhlinh/STM32Cube/Repository/STM32Cube_FW_F4_V1.28.0/Drivers/STM32F4xx_HAL_Driver/Src/stm32f4xx_hal_pwr_ex.c ****       (+) The backup SRAM is not mass erased by a tamper event. It is read 
  82:/home/vtrnnhlinh/STM32Cube/Repository/STM32Cube_FW_F4_V1.28.0/Drivers/STM32F4xx_HAL_Driver/Src/stm32f4xx_hal_pwr_ex.c ****           protected to prevent confidential data, such as cryptographic private 
  83:/home/vtrnnhlinh/STM32Cube/Repository/STM32Cube_FW_F4_V1.28.0/Drivers/STM32F4xx_HAL_Driver/Src/stm32f4xx_hal_pwr_ex.c ****           key, from being accessed. The backup SRAM can be erased only through 
  84:/home/vtrnnhlinh/STM32Cube/Repository/STM32Cube_FW_F4_V1.28.0/Drivers/STM32F4xx_HAL_Driver/Src/stm32f4xx_hal_pwr_ex.c ****           the Flash interface when a protection level change from level 1 to 
  85:/home/vtrnnhlinh/STM32Cube/Repository/STM32Cube_FW_F4_V1.28.0/Drivers/STM32F4xx_HAL_Driver/Src/stm32f4xx_hal_pwr_ex.c ****           level 0 is requested. 
  86:/home/vtrnnhlinh/STM32Cube/Repository/STM32Cube_FW_F4_V1.28.0/Drivers/STM32F4xx_HAL_Driver/Src/stm32f4xx_hal_pwr_ex.c ****       -@- Refer to the description of Read protection (RDP) in the Flash 
  87:/home/vtrnnhlinh/STM32Cube/Repository/STM32Cube_FW_F4_V1.28.0/Drivers/STM32F4xx_HAL_Driver/Src/stm32f4xx_hal_pwr_ex.c ****           programming manual.
ARM GAS  /tmp/cc5LAXPf.s 			page 3


  88:/home/vtrnnhlinh/STM32Cube/Repository/STM32Cube_FW_F4_V1.28.0/Drivers/STM32F4xx_HAL_Driver/Src/stm32f4xx_hal_pwr_ex.c **** 
  89:/home/vtrnnhlinh/STM32Cube/Repository/STM32Cube_FW_F4_V1.28.0/Drivers/STM32F4xx_HAL_Driver/Src/stm32f4xx_hal_pwr_ex.c ****       (+) The main internal regulator can be configured to have a tradeoff between 
  90:/home/vtrnnhlinh/STM32Cube/Repository/STM32Cube_FW_F4_V1.28.0/Drivers/STM32F4xx_HAL_Driver/Src/stm32f4xx_hal_pwr_ex.c ****           performance and power consumption when the device does not operate at 
  91:/home/vtrnnhlinh/STM32Cube/Repository/STM32Cube_FW_F4_V1.28.0/Drivers/STM32F4xx_HAL_Driver/Src/stm32f4xx_hal_pwr_ex.c ****           the maximum frequency. This is done through __HAL_PWR_MAINREGULATORMODE_CONFIG() 
  92:/home/vtrnnhlinh/STM32Cube/Repository/STM32Cube_FW_F4_V1.28.0/Drivers/STM32F4xx_HAL_Driver/Src/stm32f4xx_hal_pwr_ex.c ****           macro which configure VOS bit in PWR_CR register
  93:/home/vtrnnhlinh/STM32Cube/Repository/STM32Cube_FW_F4_V1.28.0/Drivers/STM32F4xx_HAL_Driver/Src/stm32f4xx_hal_pwr_ex.c ****           
  94:/home/vtrnnhlinh/STM32Cube/Repository/STM32Cube_FW_F4_V1.28.0/Drivers/STM32F4xx_HAL_Driver/Src/stm32f4xx_hal_pwr_ex.c ****         Refer to the product datasheets for more details.
  95:/home/vtrnnhlinh/STM32Cube/Repository/STM32Cube_FW_F4_V1.28.0/Drivers/STM32F4xx_HAL_Driver/Src/stm32f4xx_hal_pwr_ex.c **** 
  96:/home/vtrnnhlinh/STM32Cube/Repository/STM32Cube_FW_F4_V1.28.0/Drivers/STM32F4xx_HAL_Driver/Src/stm32f4xx_hal_pwr_ex.c ****     *** FLASH Power Down configuration ****
  97:/home/vtrnnhlinh/STM32Cube/Repository/STM32Cube_FW_F4_V1.28.0/Drivers/STM32F4xx_HAL_Driver/Src/stm32f4xx_hal_pwr_ex.c ****     =======================================
  98:/home/vtrnnhlinh/STM32Cube/Repository/STM32Cube_FW_F4_V1.28.0/Drivers/STM32F4xx_HAL_Driver/Src/stm32f4xx_hal_pwr_ex.c ****     [..] 
  99:/home/vtrnnhlinh/STM32Cube/Repository/STM32Cube_FW_F4_V1.28.0/Drivers/STM32F4xx_HAL_Driver/Src/stm32f4xx_hal_pwr_ex.c ****       (+) By setting the FPDS bit in the PWR_CR register by using the 
 100:/home/vtrnnhlinh/STM32Cube/Repository/STM32Cube_FW_F4_V1.28.0/Drivers/STM32F4xx_HAL_Driver/Src/stm32f4xx_hal_pwr_ex.c ****           HAL_PWREx_EnableFlashPowerDown() function, the Flash memory also enters power 
 101:/home/vtrnnhlinh/STM32Cube/Repository/STM32Cube_FW_F4_V1.28.0/Drivers/STM32F4xx_HAL_Driver/Src/stm32f4xx_hal_pwr_ex.c ****           down mode when the device enters Stop mode. When the Flash memory 
 102:/home/vtrnnhlinh/STM32Cube/Repository/STM32Cube_FW_F4_V1.28.0/Drivers/STM32F4xx_HAL_Driver/Src/stm32f4xx_hal_pwr_ex.c ****           is in power down mode, an additional startup delay is incurred when 
 103:/home/vtrnnhlinh/STM32Cube/Repository/STM32Cube_FW_F4_V1.28.0/Drivers/STM32F4xx_HAL_Driver/Src/stm32f4xx_hal_pwr_ex.c ****           waking up from Stop mode.
 104:/home/vtrnnhlinh/STM32Cube/Repository/STM32Cube_FW_F4_V1.28.0/Drivers/STM32F4xx_HAL_Driver/Src/stm32f4xx_hal_pwr_ex.c ****           
 105:/home/vtrnnhlinh/STM32Cube/Repository/STM32Cube_FW_F4_V1.28.0/Drivers/STM32F4xx_HAL_Driver/Src/stm32f4xx_hal_pwr_ex.c ****            (+) For STM32F42xxx/43xxx/446xx/469xx/479xx Devices, the scale can be modified only when
 106:/home/vtrnnhlinh/STM32Cube/Repository/STM32Cube_FW_F4_V1.28.0/Drivers/STM32F4xx_HAL_Driver/Src/stm32f4xx_hal_pwr_ex.c ****            is OFF and the HSI or HSE clock source is selected as system clock. 
 107:/home/vtrnnhlinh/STM32Cube/Repository/STM32Cube_FW_F4_V1.28.0/Drivers/STM32F4xx_HAL_Driver/Src/stm32f4xx_hal_pwr_ex.c ****            The new value programmed is active only when the PLL is ON.
 108:/home/vtrnnhlinh/STM32Cube/Repository/STM32Cube_FW_F4_V1.28.0/Drivers/STM32F4xx_HAL_Driver/Src/stm32f4xx_hal_pwr_ex.c ****            When the PLL is OFF, the voltage scale 3 is automatically selected. 
 109:/home/vtrnnhlinh/STM32Cube/Repository/STM32Cube_FW_F4_V1.28.0/Drivers/STM32F4xx_HAL_Driver/Src/stm32f4xx_hal_pwr_ex.c ****         Refer to the datasheets for more details.
 110:/home/vtrnnhlinh/STM32Cube/Repository/STM32Cube_FW_F4_V1.28.0/Drivers/STM32F4xx_HAL_Driver/Src/stm32f4xx_hal_pwr_ex.c **** 
 111:/home/vtrnnhlinh/STM32Cube/Repository/STM32Cube_FW_F4_V1.28.0/Drivers/STM32F4xx_HAL_Driver/Src/stm32f4xx_hal_pwr_ex.c ****     *** Over-Drive and Under-Drive configuration ****
 112:/home/vtrnnhlinh/STM32Cube/Repository/STM32Cube_FW_F4_V1.28.0/Drivers/STM32F4xx_HAL_Driver/Src/stm32f4xx_hal_pwr_ex.c ****     =================================================
 113:/home/vtrnnhlinh/STM32Cube/Repository/STM32Cube_FW_F4_V1.28.0/Drivers/STM32F4xx_HAL_Driver/Src/stm32f4xx_hal_pwr_ex.c ****     [..]         
 114:/home/vtrnnhlinh/STM32Cube/Repository/STM32Cube_FW_F4_V1.28.0/Drivers/STM32F4xx_HAL_Driver/Src/stm32f4xx_hal_pwr_ex.c ****        (+) For STM32F42xxx/43xxx/446xx/469xx/479xx Devices, in Run mode: the main regulator has
 115:/home/vtrnnhlinh/STM32Cube/Repository/STM32Cube_FW_F4_V1.28.0/Drivers/STM32F4xx_HAL_Driver/Src/stm32f4xx_hal_pwr_ex.c ****            2 operating modes available:
 116:/home/vtrnnhlinh/STM32Cube/Repository/STM32Cube_FW_F4_V1.28.0/Drivers/STM32F4xx_HAL_Driver/Src/stm32f4xx_hal_pwr_ex.c ****         (++) Normal mode: The CPU and core logic operate at maximum frequency at a given 
 117:/home/vtrnnhlinh/STM32Cube/Repository/STM32Cube_FW_F4_V1.28.0/Drivers/STM32F4xx_HAL_Driver/Src/stm32f4xx_hal_pwr_ex.c ****              voltage scaling (scale 1, scale 2 or scale 3)
 118:/home/vtrnnhlinh/STM32Cube/Repository/STM32Cube_FW_F4_V1.28.0/Drivers/STM32F4xx_HAL_Driver/Src/stm32f4xx_hal_pwr_ex.c ****         (++) Over-drive mode: This mode allows the CPU and the core logic to operate at a 
 119:/home/vtrnnhlinh/STM32Cube/Repository/STM32Cube_FW_F4_V1.28.0/Drivers/STM32F4xx_HAL_Driver/Src/stm32f4xx_hal_pwr_ex.c ****             higher frequency than the normal mode for a given voltage scaling (scale 1,  
 120:/home/vtrnnhlinh/STM32Cube/Repository/STM32Cube_FW_F4_V1.28.0/Drivers/STM32F4xx_HAL_Driver/Src/stm32f4xx_hal_pwr_ex.c ****             scale 2 or scale 3). This mode is enabled through HAL_PWREx_EnableOverDrive() function 
 121:/home/vtrnnhlinh/STM32Cube/Repository/STM32Cube_FW_F4_V1.28.0/Drivers/STM32F4xx_HAL_Driver/Src/stm32f4xx_hal_pwr_ex.c ****             disabled by HAL_PWREx_DisableOverDrive() function, to enter or exit from Over-drive mod
 122:/home/vtrnnhlinh/STM32Cube/Repository/STM32Cube_FW_F4_V1.28.0/Drivers/STM32F4xx_HAL_Driver/Src/stm32f4xx_hal_pwr_ex.c ****             the sequence described in Reference manual.
 123:/home/vtrnnhlinh/STM32Cube/Repository/STM32Cube_FW_F4_V1.28.0/Drivers/STM32F4xx_HAL_Driver/Src/stm32f4xx_hal_pwr_ex.c ****              
 124:/home/vtrnnhlinh/STM32Cube/Repository/STM32Cube_FW_F4_V1.28.0/Drivers/STM32F4xx_HAL_Driver/Src/stm32f4xx_hal_pwr_ex.c ****        (+) For STM32F42xxx/43xxx/446xx/469xx/479xx Devices, in Stop mode: the main regulator or low
 125:/home/vtrnnhlinh/STM32Cube/Repository/STM32Cube_FW_F4_V1.28.0/Drivers/STM32F4xx_HAL_Driver/Src/stm32f4xx_hal_pwr_ex.c ****            supplies a low power voltage to the 1.2V domain, thus preserving the content of register
 126:/home/vtrnnhlinh/STM32Cube/Repository/STM32Cube_FW_F4_V1.28.0/Drivers/STM32F4xx_HAL_Driver/Src/stm32f4xx_hal_pwr_ex.c ****            and internal SRAM. 2 operating modes are available:
 127:/home/vtrnnhlinh/STM32Cube/Repository/STM32Cube_FW_F4_V1.28.0/Drivers/STM32F4xx_HAL_Driver/Src/stm32f4xx_hal_pwr_ex.c ****          (++) Normal mode: the 1.2V domain is preserved in nominal leakage mode. This mode is only 
 128:/home/vtrnnhlinh/STM32Cube/Repository/STM32Cube_FW_F4_V1.28.0/Drivers/STM32F4xx_HAL_Driver/Src/stm32f4xx_hal_pwr_ex.c ****               available when the main regulator or the low power regulator is used in Scale 3 or 
 129:/home/vtrnnhlinh/STM32Cube/Repository/STM32Cube_FW_F4_V1.28.0/Drivers/STM32F4xx_HAL_Driver/Src/stm32f4xx_hal_pwr_ex.c ****               low voltage mode.
 130:/home/vtrnnhlinh/STM32Cube/Repository/STM32Cube_FW_F4_V1.28.0/Drivers/STM32F4xx_HAL_Driver/Src/stm32f4xx_hal_pwr_ex.c ****          (++) Under-drive mode: the 1.2V domain is preserved in reduced leakage mode. This mode is 
 131:/home/vtrnnhlinh/STM32Cube/Repository/STM32Cube_FW_F4_V1.28.0/Drivers/STM32F4xx_HAL_Driver/Src/stm32f4xx_hal_pwr_ex.c ****               available when the main regulator or the low power regulator is in low voltage mode.
 132:/home/vtrnnhlinh/STM32Cube/Repository/STM32Cube_FW_F4_V1.28.0/Drivers/STM32F4xx_HAL_Driver/Src/stm32f4xx_hal_pwr_ex.c **** 
 133:/home/vtrnnhlinh/STM32Cube/Repository/STM32Cube_FW_F4_V1.28.0/Drivers/STM32F4xx_HAL_Driver/Src/stm32f4xx_hal_pwr_ex.c **** @endverbatim
 134:/home/vtrnnhlinh/STM32Cube/Repository/STM32Cube_FW_F4_V1.28.0/Drivers/STM32F4xx_HAL_Driver/Src/stm32f4xx_hal_pwr_ex.c ****   * @{
 135:/home/vtrnnhlinh/STM32Cube/Repository/STM32Cube_FW_F4_V1.28.0/Drivers/STM32F4xx_HAL_Driver/Src/stm32f4xx_hal_pwr_ex.c ****   */
 136:/home/vtrnnhlinh/STM32Cube/Repository/STM32Cube_FW_F4_V1.28.0/Drivers/STM32F4xx_HAL_Driver/Src/stm32f4xx_hal_pwr_ex.c **** 
 137:/home/vtrnnhlinh/STM32Cube/Repository/STM32Cube_FW_F4_V1.28.0/Drivers/STM32F4xx_HAL_Driver/Src/stm32f4xx_hal_pwr_ex.c **** /**
 138:/home/vtrnnhlinh/STM32Cube/Repository/STM32Cube_FW_F4_V1.28.0/Drivers/STM32F4xx_HAL_Driver/Src/stm32f4xx_hal_pwr_ex.c ****   * @brief Enables the Backup Regulator.
 139:/home/vtrnnhlinh/STM32Cube/Repository/STM32Cube_FW_F4_V1.28.0/Drivers/STM32F4xx_HAL_Driver/Src/stm32f4xx_hal_pwr_ex.c ****   * @retval HAL status
 140:/home/vtrnnhlinh/STM32Cube/Repository/STM32Cube_FW_F4_V1.28.0/Drivers/STM32F4xx_HAL_Driver/Src/stm32f4xx_hal_pwr_ex.c ****   */
 141:/home/vtrnnhlinh/STM32Cube/Repository/STM32Cube_FW_F4_V1.28.0/Drivers/STM32F4xx_HAL_Driver/Src/stm32f4xx_hal_pwr_ex.c **** HAL_StatusTypeDef HAL_PWREx_EnableBkUpReg(void)
 142:/home/vtrnnhlinh/STM32Cube/Repository/STM32Cube_FW_F4_V1.28.0/Drivers/STM32F4xx_HAL_Driver/Src/stm32f4xx_hal_pwr_ex.c **** {
  29              		.loc 1 142 1 view -0
  30              		.cfi_startproc
ARM GAS  /tmp/cc5LAXPf.s 			page 4


  31              		@ args = 0, pretend = 0, frame = 0
  32              		@ frame_needed = 0, uses_anonymous_args = 0
  33 0000 10B5     		push	{r4, lr}
  34              	.LCFI0:
  35              		.cfi_def_cfa_offset 8
  36              		.cfi_offset 4, -8
  37              		.cfi_offset 14, -4
 143:/home/vtrnnhlinh/STM32Cube/Repository/STM32Cube_FW_F4_V1.28.0/Drivers/STM32F4xx_HAL_Driver/Src/stm32f4xx_hal_pwr_ex.c ****   uint32_t tickstart = 0U;
  38              		.loc 1 143 3 view .LVU1
  39              	.LVL0:
 144:/home/vtrnnhlinh/STM32Cube/Repository/STM32Cube_FW_F4_V1.28.0/Drivers/STM32F4xx_HAL_Driver/Src/stm32f4xx_hal_pwr_ex.c **** 
 145:/home/vtrnnhlinh/STM32Cube/Repository/STM32Cube_FW_F4_V1.28.0/Drivers/STM32F4xx_HAL_Driver/Src/stm32f4xx_hal_pwr_ex.c ****   *(__IO uint32_t *) CSR_BRE_BB = (uint32_t)ENABLE;
  40              		.loc 1 145 3 view .LVU2
  41              		.loc 1 145 33 is_stmt 0 view .LVU3
  42 0002 0B4B     		ldr	r3, .L8
  43 0004 0122     		movs	r2, #1
  44 0006 C3F8A420 		str	r2, [r3, #164]
 146:/home/vtrnnhlinh/STM32Cube/Repository/STM32Cube_FW_F4_V1.28.0/Drivers/STM32F4xx_HAL_Driver/Src/stm32f4xx_hal_pwr_ex.c **** 
 147:/home/vtrnnhlinh/STM32Cube/Repository/STM32Cube_FW_F4_V1.28.0/Drivers/STM32F4xx_HAL_Driver/Src/stm32f4xx_hal_pwr_ex.c ****   /* Get tick */
 148:/home/vtrnnhlinh/STM32Cube/Repository/STM32Cube_FW_F4_V1.28.0/Drivers/STM32F4xx_HAL_Driver/Src/stm32f4xx_hal_pwr_ex.c ****   tickstart = HAL_GetTick();
  45              		.loc 1 148 3 is_stmt 1 view .LVU4
  46              		.loc 1 148 15 is_stmt 0 view .LVU5
  47 000a FFF7FEFF 		bl	HAL_GetTick
  48              	.LVL1:
  49 000e 0446     		mov	r4, r0
  50              	.LVL2:
 149:/home/vtrnnhlinh/STM32Cube/Repository/STM32Cube_FW_F4_V1.28.0/Drivers/STM32F4xx_HAL_Driver/Src/stm32f4xx_hal_pwr_ex.c **** 
 150:/home/vtrnnhlinh/STM32Cube/Repository/STM32Cube_FW_F4_V1.28.0/Drivers/STM32F4xx_HAL_Driver/Src/stm32f4xx_hal_pwr_ex.c ****   /* Wait till Backup regulator ready flag is set */  
 151:/home/vtrnnhlinh/STM32Cube/Repository/STM32Cube_FW_F4_V1.28.0/Drivers/STM32F4xx_HAL_Driver/Src/stm32f4xx_hal_pwr_ex.c ****   while(__HAL_PWR_GET_FLAG(PWR_FLAG_BRR) == RESET)
  51              		.loc 1 151 3 is_stmt 1 view .LVU6
  52              	.L2:
  53              		.loc 1 151 8 view .LVU7
  54              		.loc 1 151 9 is_stmt 0 view .LVU8
  55 0010 084B     		ldr	r3, .L8+4
  56 0012 5B68     		ldr	r3, [r3, #4]
  57              		.loc 1 151 8 view .LVU9
  58 0014 13F0080F 		tst	r3, #8
  59 0018 07D1     		bne	.L7
 152:/home/vtrnnhlinh/STM32Cube/Repository/STM32Cube_FW_F4_V1.28.0/Drivers/STM32F4xx_HAL_Driver/Src/stm32f4xx_hal_pwr_ex.c ****   {
 153:/home/vtrnnhlinh/STM32Cube/Repository/STM32Cube_FW_F4_V1.28.0/Drivers/STM32F4xx_HAL_Driver/Src/stm32f4xx_hal_pwr_ex.c ****     if((HAL_GetTick() - tickstart ) > PWR_BKPREG_TIMEOUT_VALUE)
  60              		.loc 1 153 5 is_stmt 1 view .LVU10
  61              		.loc 1 153 9 is_stmt 0 view .LVU11
  62 001a FFF7FEFF 		bl	HAL_GetTick
  63              	.LVL3:
  64              		.loc 1 153 23 view .LVU12
  65 001e 001B     		subs	r0, r0, r4
  66              		.loc 1 153 7 view .LVU13
  67 0020 B0F57A7F 		cmp	r0, #1000
  68 0024 F4D9     		bls	.L2
 154:/home/vtrnnhlinh/STM32Cube/Repository/STM32Cube_FW_F4_V1.28.0/Drivers/STM32F4xx_HAL_Driver/Src/stm32f4xx_hal_pwr_ex.c ****     {
 155:/home/vtrnnhlinh/STM32Cube/Repository/STM32Cube_FW_F4_V1.28.0/Drivers/STM32F4xx_HAL_Driver/Src/stm32f4xx_hal_pwr_ex.c ****       return HAL_TIMEOUT;
  69              		.loc 1 155 14 view .LVU14
  70 0026 0320     		movs	r0, #3
  71 0028 00E0     		b	.L3
  72              	.L7:
 156:/home/vtrnnhlinh/STM32Cube/Repository/STM32Cube_FW_F4_V1.28.0/Drivers/STM32F4xx_HAL_Driver/Src/stm32f4xx_hal_pwr_ex.c ****     } 
 157:/home/vtrnnhlinh/STM32Cube/Repository/STM32Cube_FW_F4_V1.28.0/Drivers/STM32F4xx_HAL_Driver/Src/stm32f4xx_hal_pwr_ex.c ****   }
ARM GAS  /tmp/cc5LAXPf.s 			page 5


 158:/home/vtrnnhlinh/STM32Cube/Repository/STM32Cube_FW_F4_V1.28.0/Drivers/STM32F4xx_HAL_Driver/Src/stm32f4xx_hal_pwr_ex.c ****   return HAL_OK;
  73              		.loc 1 158 10 view .LVU15
  74 002a 0020     		movs	r0, #0
  75              	.L3:
 159:/home/vtrnnhlinh/STM32Cube/Repository/STM32Cube_FW_F4_V1.28.0/Drivers/STM32F4xx_HAL_Driver/Src/stm32f4xx_hal_pwr_ex.c **** }
  76              		.loc 1 159 1 view .LVU16
  77 002c 10BD     		pop	{r4, pc}
  78              	.LVL4:
  79              	.L9:
  80              		.loc 1 159 1 view .LVU17
  81 002e 00BF     		.align	2
  82              	.L8:
  83 0030 00000E42 		.word	1108213760
  84 0034 00700040 		.word	1073770496
  85              		.cfi_endproc
  86              	.LFE134:
  88              		.section	.text.HAL_PWREx_DisableBkUpReg,"ax",%progbits
  89              		.align	1
  90              		.global	HAL_PWREx_DisableBkUpReg
  91              		.syntax unified
  92              		.thumb
  93              		.thumb_func
  94              		.fpu fpv4-sp-d16
  96              	HAL_PWREx_DisableBkUpReg:
  97              	.LFB135:
 160:/home/vtrnnhlinh/STM32Cube/Repository/STM32Cube_FW_F4_V1.28.0/Drivers/STM32F4xx_HAL_Driver/Src/stm32f4xx_hal_pwr_ex.c **** 
 161:/home/vtrnnhlinh/STM32Cube/Repository/STM32Cube_FW_F4_V1.28.0/Drivers/STM32F4xx_HAL_Driver/Src/stm32f4xx_hal_pwr_ex.c **** /**
 162:/home/vtrnnhlinh/STM32Cube/Repository/STM32Cube_FW_F4_V1.28.0/Drivers/STM32F4xx_HAL_Driver/Src/stm32f4xx_hal_pwr_ex.c ****   * @brief Disables the Backup Regulator.
 163:/home/vtrnnhlinh/STM32Cube/Repository/STM32Cube_FW_F4_V1.28.0/Drivers/STM32F4xx_HAL_Driver/Src/stm32f4xx_hal_pwr_ex.c ****   * @retval HAL status
 164:/home/vtrnnhlinh/STM32Cube/Repository/STM32Cube_FW_F4_V1.28.0/Drivers/STM32F4xx_HAL_Driver/Src/stm32f4xx_hal_pwr_ex.c ****   */
 165:/home/vtrnnhlinh/STM32Cube/Repository/STM32Cube_FW_F4_V1.28.0/Drivers/STM32F4xx_HAL_Driver/Src/stm32f4xx_hal_pwr_ex.c **** HAL_StatusTypeDef HAL_PWREx_DisableBkUpReg(void)
 166:/home/vtrnnhlinh/STM32Cube/Repository/STM32Cube_FW_F4_V1.28.0/Drivers/STM32F4xx_HAL_Driver/Src/stm32f4xx_hal_pwr_ex.c **** {
  98              		.loc 1 166 1 is_stmt 1 view -0
  99              		.cfi_startproc
 100              		@ args = 0, pretend = 0, frame = 0
 101              		@ frame_needed = 0, uses_anonymous_args = 0
 102 0000 10B5     		push	{r4, lr}
 103              	.LCFI1:
 104              		.cfi_def_cfa_offset 8
 105              		.cfi_offset 4, -8
 106              		.cfi_offset 14, -4
 167:/home/vtrnnhlinh/STM32Cube/Repository/STM32Cube_FW_F4_V1.28.0/Drivers/STM32F4xx_HAL_Driver/Src/stm32f4xx_hal_pwr_ex.c ****   uint32_t tickstart = 0U;
 107              		.loc 1 167 3 view .LVU19
 108              	.LVL5:
 168:/home/vtrnnhlinh/STM32Cube/Repository/STM32Cube_FW_F4_V1.28.0/Drivers/STM32F4xx_HAL_Driver/Src/stm32f4xx_hal_pwr_ex.c **** 
 169:/home/vtrnnhlinh/STM32Cube/Repository/STM32Cube_FW_F4_V1.28.0/Drivers/STM32F4xx_HAL_Driver/Src/stm32f4xx_hal_pwr_ex.c ****   *(__IO uint32_t *) CSR_BRE_BB = (uint32_t)DISABLE;
 109              		.loc 1 169 3 view .LVU20
 110              		.loc 1 169 33 is_stmt 0 view .LVU21
 111 0002 0B4B     		ldr	r3, .L17
 112 0004 0022     		movs	r2, #0
 113 0006 C3F8A420 		str	r2, [r3, #164]
 170:/home/vtrnnhlinh/STM32Cube/Repository/STM32Cube_FW_F4_V1.28.0/Drivers/STM32F4xx_HAL_Driver/Src/stm32f4xx_hal_pwr_ex.c **** 
 171:/home/vtrnnhlinh/STM32Cube/Repository/STM32Cube_FW_F4_V1.28.0/Drivers/STM32F4xx_HAL_Driver/Src/stm32f4xx_hal_pwr_ex.c ****   /* Get tick */
 172:/home/vtrnnhlinh/STM32Cube/Repository/STM32Cube_FW_F4_V1.28.0/Drivers/STM32F4xx_HAL_Driver/Src/stm32f4xx_hal_pwr_ex.c ****   tickstart = HAL_GetTick();
 114              		.loc 1 172 3 is_stmt 1 view .LVU22
 115              		.loc 1 172 15 is_stmt 0 view .LVU23
 116 000a FFF7FEFF 		bl	HAL_GetTick
ARM GAS  /tmp/cc5LAXPf.s 			page 6


 117              	.LVL6:
 118 000e 0446     		mov	r4, r0
 119              	.LVL7:
 173:/home/vtrnnhlinh/STM32Cube/Repository/STM32Cube_FW_F4_V1.28.0/Drivers/STM32F4xx_HAL_Driver/Src/stm32f4xx_hal_pwr_ex.c **** 
 174:/home/vtrnnhlinh/STM32Cube/Repository/STM32Cube_FW_F4_V1.28.0/Drivers/STM32F4xx_HAL_Driver/Src/stm32f4xx_hal_pwr_ex.c ****   /* Wait till Backup regulator ready flag is set */  
 175:/home/vtrnnhlinh/STM32Cube/Repository/STM32Cube_FW_F4_V1.28.0/Drivers/STM32F4xx_HAL_Driver/Src/stm32f4xx_hal_pwr_ex.c ****   while(__HAL_PWR_GET_FLAG(PWR_FLAG_BRR) != RESET)
 120              		.loc 1 175 3 is_stmt 1 view .LVU24
 121              	.L11:
 122              		.loc 1 175 8 view .LVU25
 123              		.loc 1 175 9 is_stmt 0 view .LVU26
 124 0010 084B     		ldr	r3, .L17+4
 125 0012 5B68     		ldr	r3, [r3, #4]
 126              		.loc 1 175 8 view .LVU27
 127 0014 13F0080F 		tst	r3, #8
 128 0018 07D0     		beq	.L16
 176:/home/vtrnnhlinh/STM32Cube/Repository/STM32Cube_FW_F4_V1.28.0/Drivers/STM32F4xx_HAL_Driver/Src/stm32f4xx_hal_pwr_ex.c ****   {
 177:/home/vtrnnhlinh/STM32Cube/Repository/STM32Cube_FW_F4_V1.28.0/Drivers/STM32F4xx_HAL_Driver/Src/stm32f4xx_hal_pwr_ex.c ****     if((HAL_GetTick() - tickstart ) > PWR_BKPREG_TIMEOUT_VALUE)
 129              		.loc 1 177 5 is_stmt 1 view .LVU28
 130              		.loc 1 177 9 is_stmt 0 view .LVU29
 131 001a FFF7FEFF 		bl	HAL_GetTick
 132              	.LVL8:
 133              		.loc 1 177 23 view .LVU30
 134 001e 001B     		subs	r0, r0, r4
 135              		.loc 1 177 7 view .LVU31
 136 0020 B0F57A7F 		cmp	r0, #1000
 137 0024 F4D9     		bls	.L11
 178:/home/vtrnnhlinh/STM32Cube/Repository/STM32Cube_FW_F4_V1.28.0/Drivers/STM32F4xx_HAL_Driver/Src/stm32f4xx_hal_pwr_ex.c ****     {
 179:/home/vtrnnhlinh/STM32Cube/Repository/STM32Cube_FW_F4_V1.28.0/Drivers/STM32F4xx_HAL_Driver/Src/stm32f4xx_hal_pwr_ex.c ****       return HAL_TIMEOUT;
 138              		.loc 1 179 14 view .LVU32
 139 0026 0320     		movs	r0, #3
 140 0028 00E0     		b	.L12
 141              	.L16:
 180:/home/vtrnnhlinh/STM32Cube/Repository/STM32Cube_FW_F4_V1.28.0/Drivers/STM32F4xx_HAL_Driver/Src/stm32f4xx_hal_pwr_ex.c ****     } 
 181:/home/vtrnnhlinh/STM32Cube/Repository/STM32Cube_FW_F4_V1.28.0/Drivers/STM32F4xx_HAL_Driver/Src/stm32f4xx_hal_pwr_ex.c ****   }
 182:/home/vtrnnhlinh/STM32Cube/Repository/STM32Cube_FW_F4_V1.28.0/Drivers/STM32F4xx_HAL_Driver/Src/stm32f4xx_hal_pwr_ex.c ****   return HAL_OK;
 142              		.loc 1 182 10 view .LVU33
 143 002a 0020     		movs	r0, #0
 144              	.L12:
 183:/home/vtrnnhlinh/STM32Cube/Repository/STM32Cube_FW_F4_V1.28.0/Drivers/STM32F4xx_HAL_Driver/Src/stm32f4xx_hal_pwr_ex.c **** }
 145              		.loc 1 183 1 view .LVU34
 146 002c 10BD     		pop	{r4, pc}
 147              	.LVL9:
 148              	.L18:
 149              		.loc 1 183 1 view .LVU35
 150 002e 00BF     		.align	2
 151              	.L17:
 152 0030 00000E42 		.word	1108213760
 153 0034 00700040 		.word	1073770496
 154              		.cfi_endproc
 155              	.LFE135:
 157              		.section	.text.HAL_PWREx_EnableFlashPowerDown,"ax",%progbits
 158              		.align	1
 159              		.global	HAL_PWREx_EnableFlashPowerDown
 160              		.syntax unified
 161              		.thumb
 162              		.thumb_func
 163              		.fpu fpv4-sp-d16
ARM GAS  /tmp/cc5LAXPf.s 			page 7


 165              	HAL_PWREx_EnableFlashPowerDown:
 166              	.LFB136:
 184:/home/vtrnnhlinh/STM32Cube/Repository/STM32Cube_FW_F4_V1.28.0/Drivers/STM32F4xx_HAL_Driver/Src/stm32f4xx_hal_pwr_ex.c **** 
 185:/home/vtrnnhlinh/STM32Cube/Repository/STM32Cube_FW_F4_V1.28.0/Drivers/STM32F4xx_HAL_Driver/Src/stm32f4xx_hal_pwr_ex.c **** /**
 186:/home/vtrnnhlinh/STM32Cube/Repository/STM32Cube_FW_F4_V1.28.0/Drivers/STM32F4xx_HAL_Driver/Src/stm32f4xx_hal_pwr_ex.c ****   * @brief Enables the Flash Power Down in Stop mode.
 187:/home/vtrnnhlinh/STM32Cube/Repository/STM32Cube_FW_F4_V1.28.0/Drivers/STM32F4xx_HAL_Driver/Src/stm32f4xx_hal_pwr_ex.c ****   * @retval None
 188:/home/vtrnnhlinh/STM32Cube/Repository/STM32Cube_FW_F4_V1.28.0/Drivers/STM32F4xx_HAL_Driver/Src/stm32f4xx_hal_pwr_ex.c ****   */
 189:/home/vtrnnhlinh/STM32Cube/Repository/STM32Cube_FW_F4_V1.28.0/Drivers/STM32F4xx_HAL_Driver/Src/stm32f4xx_hal_pwr_ex.c **** void HAL_PWREx_EnableFlashPowerDown(void)
 190:/home/vtrnnhlinh/STM32Cube/Repository/STM32Cube_FW_F4_V1.28.0/Drivers/STM32F4xx_HAL_Driver/Src/stm32f4xx_hal_pwr_ex.c **** {
 167              		.loc 1 190 1 is_stmt 1 view -0
 168              		.cfi_startproc
 169              		@ args = 0, pretend = 0, frame = 0
 170              		@ frame_needed = 0, uses_anonymous_args = 0
 171              		@ link register save eliminated.
 191:/home/vtrnnhlinh/STM32Cube/Repository/STM32Cube_FW_F4_V1.28.0/Drivers/STM32F4xx_HAL_Driver/Src/stm32f4xx_hal_pwr_ex.c ****   *(__IO uint32_t *) CR_FPDS_BB = (uint32_t)ENABLE;
 172              		.loc 1 191 3 view .LVU37
 173              		.loc 1 191 33 is_stmt 0 view .LVU38
 174 0000 014B     		ldr	r3, .L20
 175 0002 0122     		movs	r2, #1
 176 0004 5A62     		str	r2, [r3, #36]
 192:/home/vtrnnhlinh/STM32Cube/Repository/STM32Cube_FW_F4_V1.28.0/Drivers/STM32F4xx_HAL_Driver/Src/stm32f4xx_hal_pwr_ex.c **** }
 177              		.loc 1 192 1 view .LVU39
 178 0006 7047     		bx	lr
 179              	.L21:
 180              		.align	2
 181              	.L20:
 182 0008 00000E42 		.word	1108213760
 183              		.cfi_endproc
 184              	.LFE136:
 186              		.section	.text.HAL_PWREx_DisableFlashPowerDown,"ax",%progbits
 187              		.align	1
 188              		.global	HAL_PWREx_DisableFlashPowerDown
 189              		.syntax unified
 190              		.thumb
 191              		.thumb_func
 192              		.fpu fpv4-sp-d16
 194              	HAL_PWREx_DisableFlashPowerDown:
 195              	.LFB137:
 193:/home/vtrnnhlinh/STM32Cube/Repository/STM32Cube_FW_F4_V1.28.0/Drivers/STM32F4xx_HAL_Driver/Src/stm32f4xx_hal_pwr_ex.c **** 
 194:/home/vtrnnhlinh/STM32Cube/Repository/STM32Cube_FW_F4_V1.28.0/Drivers/STM32F4xx_HAL_Driver/Src/stm32f4xx_hal_pwr_ex.c **** /**
 195:/home/vtrnnhlinh/STM32Cube/Repository/STM32Cube_FW_F4_V1.28.0/Drivers/STM32F4xx_HAL_Driver/Src/stm32f4xx_hal_pwr_ex.c ****   * @brief Disables the Flash Power Down in Stop mode.
 196:/home/vtrnnhlinh/STM32Cube/Repository/STM32Cube_FW_F4_V1.28.0/Drivers/STM32F4xx_HAL_Driver/Src/stm32f4xx_hal_pwr_ex.c ****   * @retval None
 197:/home/vtrnnhlinh/STM32Cube/Repository/STM32Cube_FW_F4_V1.28.0/Drivers/STM32F4xx_HAL_Driver/Src/stm32f4xx_hal_pwr_ex.c ****   */
 198:/home/vtrnnhlinh/STM32Cube/Repository/STM32Cube_FW_F4_V1.28.0/Drivers/STM32F4xx_HAL_Driver/Src/stm32f4xx_hal_pwr_ex.c **** void HAL_PWREx_DisableFlashPowerDown(void)
 199:/home/vtrnnhlinh/STM32Cube/Repository/STM32Cube_FW_F4_V1.28.0/Drivers/STM32F4xx_HAL_Driver/Src/stm32f4xx_hal_pwr_ex.c **** {
 196              		.loc 1 199 1 is_stmt 1 view -0
 197              		.cfi_startproc
 198              		@ args = 0, pretend = 0, frame = 0
 199              		@ frame_needed = 0, uses_anonymous_args = 0
 200              		@ link register save eliminated.
 200:/home/vtrnnhlinh/STM32Cube/Repository/STM32Cube_FW_F4_V1.28.0/Drivers/STM32F4xx_HAL_Driver/Src/stm32f4xx_hal_pwr_ex.c ****   *(__IO uint32_t *) CR_FPDS_BB = (uint32_t)DISABLE;
 201              		.loc 1 200 3 view .LVU41
 202              		.loc 1 200 33 is_stmt 0 view .LVU42
 203 0000 014B     		ldr	r3, .L23
 204 0002 0022     		movs	r2, #0
 205 0004 5A62     		str	r2, [r3, #36]
 201:/home/vtrnnhlinh/STM32Cube/Repository/STM32Cube_FW_F4_V1.28.0/Drivers/STM32F4xx_HAL_Driver/Src/stm32f4xx_hal_pwr_ex.c **** }
ARM GAS  /tmp/cc5LAXPf.s 			page 8


 206              		.loc 1 201 1 view .LVU43
 207 0006 7047     		bx	lr
 208              	.L24:
 209              		.align	2
 210              	.L23:
 211 0008 00000E42 		.word	1108213760
 212              		.cfi_endproc
 213              	.LFE137:
 215              		.section	.text.HAL_PWREx_GetVoltageRange,"ax",%progbits
 216              		.align	1
 217              		.global	HAL_PWREx_GetVoltageRange
 218              		.syntax unified
 219              		.thumb
 220              		.thumb_func
 221              		.fpu fpv4-sp-d16
 223              	HAL_PWREx_GetVoltageRange:
 224              	.LFB138:
 202:/home/vtrnnhlinh/STM32Cube/Repository/STM32Cube_FW_F4_V1.28.0/Drivers/STM32F4xx_HAL_Driver/Src/stm32f4xx_hal_pwr_ex.c **** 
 203:/home/vtrnnhlinh/STM32Cube/Repository/STM32Cube_FW_F4_V1.28.0/Drivers/STM32F4xx_HAL_Driver/Src/stm32f4xx_hal_pwr_ex.c **** /**
 204:/home/vtrnnhlinh/STM32Cube/Repository/STM32Cube_FW_F4_V1.28.0/Drivers/STM32F4xx_HAL_Driver/Src/stm32f4xx_hal_pwr_ex.c ****   * @brief Return Voltage Scaling Range.
 205:/home/vtrnnhlinh/STM32Cube/Repository/STM32Cube_FW_F4_V1.28.0/Drivers/STM32F4xx_HAL_Driver/Src/stm32f4xx_hal_pwr_ex.c ****   * @retval The configured scale for the regulator voltage(VOS bit field).
 206:/home/vtrnnhlinh/STM32Cube/Repository/STM32Cube_FW_F4_V1.28.0/Drivers/STM32F4xx_HAL_Driver/Src/stm32f4xx_hal_pwr_ex.c ****   *         The returned value can be one of the following:
 207:/home/vtrnnhlinh/STM32Cube/Repository/STM32Cube_FW_F4_V1.28.0/Drivers/STM32F4xx_HAL_Driver/Src/stm32f4xx_hal_pwr_ex.c ****   *            - @arg PWR_REGULATOR_VOLTAGE_SCALE1: Regulator voltage output Scale 1 mode
 208:/home/vtrnnhlinh/STM32Cube/Repository/STM32Cube_FW_F4_V1.28.0/Drivers/STM32F4xx_HAL_Driver/Src/stm32f4xx_hal_pwr_ex.c ****   *            - @arg PWR_REGULATOR_VOLTAGE_SCALE2: Regulator voltage output Scale 2 mode
 209:/home/vtrnnhlinh/STM32Cube/Repository/STM32Cube_FW_F4_V1.28.0/Drivers/STM32F4xx_HAL_Driver/Src/stm32f4xx_hal_pwr_ex.c ****   *            - @arg PWR_REGULATOR_VOLTAGE_SCALE3: Regulator voltage output Scale 3 mode
 210:/home/vtrnnhlinh/STM32Cube/Repository/STM32Cube_FW_F4_V1.28.0/Drivers/STM32F4xx_HAL_Driver/Src/stm32f4xx_hal_pwr_ex.c ****   */  
 211:/home/vtrnnhlinh/STM32Cube/Repository/STM32Cube_FW_F4_V1.28.0/Drivers/STM32F4xx_HAL_Driver/Src/stm32f4xx_hal_pwr_ex.c **** uint32_t HAL_PWREx_GetVoltageRange(void)
 212:/home/vtrnnhlinh/STM32Cube/Repository/STM32Cube_FW_F4_V1.28.0/Drivers/STM32F4xx_HAL_Driver/Src/stm32f4xx_hal_pwr_ex.c **** {
 225              		.loc 1 212 1 is_stmt 1 view -0
 226              		.cfi_startproc
 227              		@ args = 0, pretend = 0, frame = 0
 228              		@ frame_needed = 0, uses_anonymous_args = 0
 229              		@ link register save eliminated.
 213:/home/vtrnnhlinh/STM32Cube/Repository/STM32Cube_FW_F4_V1.28.0/Drivers/STM32F4xx_HAL_Driver/Src/stm32f4xx_hal_pwr_ex.c ****   return (PWR->CR & PWR_CR_VOS);
 230              		.loc 1 213 3 view .LVU45
 231              		.loc 1 213 14 is_stmt 0 view .LVU46
 232 0000 024B     		ldr	r3, .L26
 233 0002 1868     		ldr	r0, [r3]
 214:/home/vtrnnhlinh/STM32Cube/Repository/STM32Cube_FW_F4_V1.28.0/Drivers/STM32F4xx_HAL_Driver/Src/stm32f4xx_hal_pwr_ex.c **** }
 234              		.loc 1 214 1 view .LVU47
 235 0004 00F48040 		and	r0, r0, #16384
 236 0008 7047     		bx	lr
 237              	.L27:
 238 000a 00BF     		.align	2
 239              	.L26:
 240 000c 00700040 		.word	1073770496
 241              		.cfi_endproc
 242              	.LFE138:
 244              		.section	.rodata.HAL_PWREx_ControlVoltageScaling.str1.4,"aMS",%progbits,1
 245              		.align	2
 246              	.LC0:
 247 0000 2F686F6D 		.ascii	"/home/vtrnnhlinh/STM32Cube/Repository/STM32Cube_FW_"
 247      652F7674 
 247      726E6E68 
 247      6C696E68 
 247      2F53544D 
 248 0033 46345F56 		.ascii	"F4_V1.28.0/Drivers/STM32F4xx_HAL_Driver/Src/stm32f4"
ARM GAS  /tmp/cc5LAXPf.s 			page 9


 248      312E3238 
 248      2E302F44 
 248      72697665 
 248      72732F53 
 249 0066 78785F68 		.ascii	"xx_hal_pwr_ex.c\000"
 249      616C5F70 
 249      77725F65 
 249      782E6300 
 250              		.section	.text.HAL_PWREx_ControlVoltageScaling,"ax",%progbits
 251              		.align	1
 252              		.global	HAL_PWREx_ControlVoltageScaling
 253              		.syntax unified
 254              		.thumb
 255              		.thumb_func
 256              		.fpu fpv4-sp-d16
 258              	HAL_PWREx_ControlVoltageScaling:
 259              	.LVL10:
 260              	.LFB139:
 215:/home/vtrnnhlinh/STM32Cube/Repository/STM32Cube_FW_F4_V1.28.0/Drivers/STM32F4xx_HAL_Driver/Src/stm32f4xx_hal_pwr_ex.c **** 
 216:/home/vtrnnhlinh/STM32Cube/Repository/STM32Cube_FW_F4_V1.28.0/Drivers/STM32F4xx_HAL_Driver/Src/stm32f4xx_hal_pwr_ex.c **** #if defined(STM32F405xx) || defined(STM32F415xx) || defined(STM32F407xx) || defined(STM32F417xx)
 217:/home/vtrnnhlinh/STM32Cube/Repository/STM32Cube_FW_F4_V1.28.0/Drivers/STM32F4xx_HAL_Driver/Src/stm32f4xx_hal_pwr_ex.c **** /**
 218:/home/vtrnnhlinh/STM32Cube/Repository/STM32Cube_FW_F4_V1.28.0/Drivers/STM32F4xx_HAL_Driver/Src/stm32f4xx_hal_pwr_ex.c ****   * @brief Configures the main internal regulator output voltage.
 219:/home/vtrnnhlinh/STM32Cube/Repository/STM32Cube_FW_F4_V1.28.0/Drivers/STM32F4xx_HAL_Driver/Src/stm32f4xx_hal_pwr_ex.c ****   * @param  VoltageScaling specifies the regulator output voltage to achieve
 220:/home/vtrnnhlinh/STM32Cube/Repository/STM32Cube_FW_F4_V1.28.0/Drivers/STM32F4xx_HAL_Driver/Src/stm32f4xx_hal_pwr_ex.c ****   *         a tradeoff between performance and power consumption.
 221:/home/vtrnnhlinh/STM32Cube/Repository/STM32Cube_FW_F4_V1.28.0/Drivers/STM32F4xx_HAL_Driver/Src/stm32f4xx_hal_pwr_ex.c ****   *          This parameter can be one of the following values:
 222:/home/vtrnnhlinh/STM32Cube/Repository/STM32Cube_FW_F4_V1.28.0/Drivers/STM32F4xx_HAL_Driver/Src/stm32f4xx_hal_pwr_ex.c ****   *            @arg PWR_REGULATOR_VOLTAGE_SCALE1: Regulator voltage output range 1 mode,
 223:/home/vtrnnhlinh/STM32Cube/Repository/STM32Cube_FW_F4_V1.28.0/Drivers/STM32F4xx_HAL_Driver/Src/stm32f4xx_hal_pwr_ex.c ****   *                                               the maximum value of fHCLK = 168 MHz.
 224:/home/vtrnnhlinh/STM32Cube/Repository/STM32Cube_FW_F4_V1.28.0/Drivers/STM32F4xx_HAL_Driver/Src/stm32f4xx_hal_pwr_ex.c ****   *            @arg PWR_REGULATOR_VOLTAGE_SCALE2: Regulator voltage output range 2 mode,
 225:/home/vtrnnhlinh/STM32Cube/Repository/STM32Cube_FW_F4_V1.28.0/Drivers/STM32F4xx_HAL_Driver/Src/stm32f4xx_hal_pwr_ex.c ****   *                                               the maximum value of fHCLK = 144 MHz.
 226:/home/vtrnnhlinh/STM32Cube/Repository/STM32Cube_FW_F4_V1.28.0/Drivers/STM32F4xx_HAL_Driver/Src/stm32f4xx_hal_pwr_ex.c ****   * @note  When moving from Range 1 to Range 2, the system frequency must be decreased to
 227:/home/vtrnnhlinh/STM32Cube/Repository/STM32Cube_FW_F4_V1.28.0/Drivers/STM32F4xx_HAL_Driver/Src/stm32f4xx_hal_pwr_ex.c ****   *        a value below 144 MHz before calling HAL_PWREx_ConfigVoltageScaling() API.
 228:/home/vtrnnhlinh/STM32Cube/Repository/STM32Cube_FW_F4_V1.28.0/Drivers/STM32F4xx_HAL_Driver/Src/stm32f4xx_hal_pwr_ex.c ****   *        When moving from Range 2 to Range 1, the system frequency can be increased to
 229:/home/vtrnnhlinh/STM32Cube/Repository/STM32Cube_FW_F4_V1.28.0/Drivers/STM32F4xx_HAL_Driver/Src/stm32f4xx_hal_pwr_ex.c ****   *        a value up to 168 MHz after calling HAL_PWREx_ConfigVoltageScaling() API.
 230:/home/vtrnnhlinh/STM32Cube/Repository/STM32Cube_FW_F4_V1.28.0/Drivers/STM32F4xx_HAL_Driver/Src/stm32f4xx_hal_pwr_ex.c ****   * @retval HAL Status
 231:/home/vtrnnhlinh/STM32Cube/Repository/STM32Cube_FW_F4_V1.28.0/Drivers/STM32F4xx_HAL_Driver/Src/stm32f4xx_hal_pwr_ex.c ****   */
 232:/home/vtrnnhlinh/STM32Cube/Repository/STM32Cube_FW_F4_V1.28.0/Drivers/STM32F4xx_HAL_Driver/Src/stm32f4xx_hal_pwr_ex.c **** HAL_StatusTypeDef HAL_PWREx_ControlVoltageScaling(uint32_t VoltageScaling)
 233:/home/vtrnnhlinh/STM32Cube/Repository/STM32Cube_FW_F4_V1.28.0/Drivers/STM32F4xx_HAL_Driver/Src/stm32f4xx_hal_pwr_ex.c **** {
 261              		.loc 1 233 1 is_stmt 1 view -0
 262              		.cfi_startproc
 263              		@ args = 0, pretend = 0, frame = 8
 264              		@ frame_needed = 0, uses_anonymous_args = 0
 265              		.loc 1 233 1 is_stmt 0 view .LVU49
 266 0000 10B5     		push	{r4, lr}
 267              	.LCFI2:
 268              		.cfi_def_cfa_offset 8
 269              		.cfi_offset 4, -8
 270              		.cfi_offset 14, -4
 271 0002 82B0     		sub	sp, sp, #8
 272              	.LCFI3:
 273              		.cfi_def_cfa_offset 16
 274 0004 0446     		mov	r4, r0
 234:/home/vtrnnhlinh/STM32Cube/Repository/STM32Cube_FW_F4_V1.28.0/Drivers/STM32F4xx_HAL_Driver/Src/stm32f4xx_hal_pwr_ex.c ****   uint32_t tickstart = 0U;
 275              		.loc 1 234 3 is_stmt 1 view .LVU50
 276              	.LVL11:
 235:/home/vtrnnhlinh/STM32Cube/Repository/STM32Cube_FW_F4_V1.28.0/Drivers/STM32F4xx_HAL_Driver/Src/stm32f4xx_hal_pwr_ex.c ****   
 236:/home/vtrnnhlinh/STM32Cube/Repository/STM32Cube_FW_F4_V1.28.0/Drivers/STM32F4xx_HAL_Driver/Src/stm32f4xx_hal_pwr_ex.c ****   assert_param(IS_PWR_VOLTAGE_SCALING_RANGE(VoltageScaling));
 277              		.loc 1 236 3 view .LVU51
ARM GAS  /tmp/cc5LAXPf.s 			page 10


 278 0006 B0F5804F 		cmp	r0, #16384
 279 000a 00D0     		beq	.L29
 280              		.loc 1 236 3 is_stmt 0 discriminator 1 view .LVU52
 281 000c 38BB     		cbnz	r0, .L35
 282              	.LVL12:
 283              	.L29:
 237:/home/vtrnnhlinh/STM32Cube/Repository/STM32Cube_FW_F4_V1.28.0/Drivers/STM32F4xx_HAL_Driver/Src/stm32f4xx_hal_pwr_ex.c ****   
 238:/home/vtrnnhlinh/STM32Cube/Repository/STM32Cube_FW_F4_V1.28.0/Drivers/STM32F4xx_HAL_Driver/Src/stm32f4xx_hal_pwr_ex.c ****   /* Enable PWR RCC Clock Peripheral */
 239:/home/vtrnnhlinh/STM32Cube/Repository/STM32Cube_FW_F4_V1.28.0/Drivers/STM32F4xx_HAL_Driver/Src/stm32f4xx_hal_pwr_ex.c ****   __HAL_RCC_PWR_CLK_ENABLE();
 284              		.loc 1 239 3 is_stmt 1 view .LVU53
 285              	.LBB2:
 286              		.loc 1 239 3 view .LVU54
 287 000e 0021     		movs	r1, #0
 288 0010 0091     		str	r1, [sp]
 289              		.loc 1 239 3 view .LVU55
 290 0012 174B     		ldr	r3, .L37
 291 0014 1A6C     		ldr	r2, [r3, #64]
 292 0016 42F08052 		orr	r2, r2, #268435456
 293 001a 1A64     		str	r2, [r3, #64]
 294              		.loc 1 239 3 view .LVU56
 295 001c 1B6C     		ldr	r3, [r3, #64]
 296 001e 03F08053 		and	r3, r3, #268435456
 297 0022 0093     		str	r3, [sp]
 298              		.loc 1 239 3 view .LVU57
 299 0024 009B     		ldr	r3, [sp]
 300              	.LBE2:
 301              		.loc 1 239 3 view .LVU58
 240:/home/vtrnnhlinh/STM32Cube/Repository/STM32Cube_FW_F4_V1.28.0/Drivers/STM32F4xx_HAL_Driver/Src/stm32f4xx_hal_pwr_ex.c ****   
 241:/home/vtrnnhlinh/STM32Cube/Repository/STM32Cube_FW_F4_V1.28.0/Drivers/STM32F4xx_HAL_Driver/Src/stm32f4xx_hal_pwr_ex.c ****   /* Set Range */
 242:/home/vtrnnhlinh/STM32Cube/Repository/STM32Cube_FW_F4_V1.28.0/Drivers/STM32F4xx_HAL_Driver/Src/stm32f4xx_hal_pwr_ex.c ****   __HAL_PWR_VOLTAGESCALING_CONFIG(VoltageScaling);
 302              		.loc 1 242 3 view .LVU59
 303              	.LBB3:
 304              		.loc 1 242 3 view .LVU60
 305 0026 0191     		str	r1, [sp, #4]
 306              		.loc 1 242 3 view .LVU61
 307 0028 124A     		ldr	r2, .L37+4
 308 002a 1368     		ldr	r3, [r2]
 309 002c 23F48043 		bic	r3, r3, #16384
 310 0030 2343     		orrs	r3, r3, r4
 311 0032 1360     		str	r3, [r2]
 312              		.loc 1 242 3 view .LVU62
 313 0034 1368     		ldr	r3, [r2]
 314 0036 03F48043 		and	r3, r3, #16384
 315 003a 0193     		str	r3, [sp, #4]
 316              		.loc 1 242 3 view .LVU63
 317 003c 019B     		ldr	r3, [sp, #4]
 318              	.LBE3:
 319              		.loc 1 242 3 view .LVU64
 243:/home/vtrnnhlinh/STM32Cube/Repository/STM32Cube_FW_F4_V1.28.0/Drivers/STM32F4xx_HAL_Driver/Src/stm32f4xx_hal_pwr_ex.c ****   
 244:/home/vtrnnhlinh/STM32Cube/Repository/STM32Cube_FW_F4_V1.28.0/Drivers/STM32F4xx_HAL_Driver/Src/stm32f4xx_hal_pwr_ex.c ****   /* Get Start Tick*/
 245:/home/vtrnnhlinh/STM32Cube/Repository/STM32Cube_FW_F4_V1.28.0/Drivers/STM32F4xx_HAL_Driver/Src/stm32f4xx_hal_pwr_ex.c ****   tickstart = HAL_GetTick();
 320              		.loc 1 245 3 view .LVU65
 321              		.loc 1 245 15 is_stmt 0 view .LVU66
 322 003e FFF7FEFF 		bl	HAL_GetTick
 323              	.LVL13:
 324 0042 0446     		mov	r4, r0
 325              	.LVL14:
ARM GAS  /tmp/cc5LAXPf.s 			page 11


 246:/home/vtrnnhlinh/STM32Cube/Repository/STM32Cube_FW_F4_V1.28.0/Drivers/STM32F4xx_HAL_Driver/Src/stm32f4xx_hal_pwr_ex.c ****   while((__HAL_PWR_GET_FLAG(PWR_FLAG_VOSRDY) == RESET))
 326              		.loc 1 246 3 is_stmt 1 view .LVU67
 327              	.L30:
 328              		.loc 1 246 8 view .LVU68
 329              		.loc 1 246 10 is_stmt 0 view .LVU69
 330 0044 0B4B     		ldr	r3, .L37+4
 331 0046 5B68     		ldr	r3, [r3, #4]
 332              		.loc 1 246 8 view .LVU70
 333 0048 13F4804F 		tst	r3, #16384
 334 004c 0CD1     		bne	.L36
 247:/home/vtrnnhlinh/STM32Cube/Repository/STM32Cube_FW_F4_V1.28.0/Drivers/STM32F4xx_HAL_Driver/Src/stm32f4xx_hal_pwr_ex.c ****   {
 248:/home/vtrnnhlinh/STM32Cube/Repository/STM32Cube_FW_F4_V1.28.0/Drivers/STM32F4xx_HAL_Driver/Src/stm32f4xx_hal_pwr_ex.c ****     if((HAL_GetTick() - tickstart ) > PWR_VOSRDY_TIMEOUT_VALUE)
 335              		.loc 1 248 5 is_stmt 1 view .LVU71
 336              		.loc 1 248 9 is_stmt 0 view .LVU72
 337 004e FFF7FEFF 		bl	HAL_GetTick
 338              	.LVL15:
 339              		.loc 1 248 23 view .LVU73
 340 0052 001B     		subs	r0, r0, r4
 341              		.loc 1 248 7 view .LVU74
 342 0054 B0F57A7F 		cmp	r0, #1000
 343 0058 F4D9     		bls	.L30
 249:/home/vtrnnhlinh/STM32Cube/Repository/STM32Cube_FW_F4_V1.28.0/Drivers/STM32F4xx_HAL_Driver/Src/stm32f4xx_hal_pwr_ex.c ****     {
 250:/home/vtrnnhlinh/STM32Cube/Repository/STM32Cube_FW_F4_V1.28.0/Drivers/STM32F4xx_HAL_Driver/Src/stm32f4xx_hal_pwr_ex.c ****       return HAL_TIMEOUT;
 344              		.loc 1 250 14 view .LVU75
 345 005a 0320     		movs	r0, #3
 346 005c 05E0     		b	.L31
 347              	.LVL16:
 348              	.L35:
 236:/home/vtrnnhlinh/STM32Cube/Repository/STM32Cube_FW_F4_V1.28.0/Drivers/STM32F4xx_HAL_Driver/Src/stm32f4xx_hal_pwr_ex.c ****   
 349              		.loc 1 236 3 discriminator 2 view .LVU76
 350 005e EC21     		movs	r1, #236
 351 0060 0548     		ldr	r0, .L37+8
 352              	.LVL17:
 236:/home/vtrnnhlinh/STM32Cube/Repository/STM32Cube_FW_F4_V1.28.0/Drivers/STM32F4xx_HAL_Driver/Src/stm32f4xx_hal_pwr_ex.c ****   
 353              		.loc 1 236 3 discriminator 2 view .LVU77
 354 0062 FFF7FEFF 		bl	assert_failed
 355              	.LVL18:
 356 0066 D2E7     		b	.L29
 357              	.LVL19:
 358              	.L36:
 251:/home/vtrnnhlinh/STM32Cube/Repository/STM32Cube_FW_F4_V1.28.0/Drivers/STM32F4xx_HAL_Driver/Src/stm32f4xx_hal_pwr_ex.c ****     } 
 252:/home/vtrnnhlinh/STM32Cube/Repository/STM32Cube_FW_F4_V1.28.0/Drivers/STM32F4xx_HAL_Driver/Src/stm32f4xx_hal_pwr_ex.c ****   }
 253:/home/vtrnnhlinh/STM32Cube/Repository/STM32Cube_FW_F4_V1.28.0/Drivers/STM32F4xx_HAL_Driver/Src/stm32f4xx_hal_pwr_ex.c **** 
 254:/home/vtrnnhlinh/STM32Cube/Repository/STM32Cube_FW_F4_V1.28.0/Drivers/STM32F4xx_HAL_Driver/Src/stm32f4xx_hal_pwr_ex.c ****   return HAL_OK;
 359              		.loc 1 254 10 view .LVU78
 360 0068 0020     		movs	r0, #0
 361              	.L31:
 255:/home/vtrnnhlinh/STM32Cube/Repository/STM32Cube_FW_F4_V1.28.0/Drivers/STM32F4xx_HAL_Driver/Src/stm32f4xx_hal_pwr_ex.c **** }
 362              		.loc 1 255 1 view .LVU79
 363 006a 02B0     		add	sp, sp, #8
 364              	.LCFI4:
 365              		.cfi_def_cfa_offset 8
 366              		@ sp needed
 367 006c 10BD     		pop	{r4, pc}
 368              	.LVL20:
 369              	.L38:
 370              		.loc 1 255 1 view .LVU80
ARM GAS  /tmp/cc5LAXPf.s 			page 12


 371 006e 00BF     		.align	2
 372              	.L37:
 373 0070 00380240 		.word	1073887232
 374 0074 00700040 		.word	1073770496
 375 0078 00000000 		.word	.LC0
 376              		.cfi_endproc
 377              	.LFE139:
 379              		.text
 380              	.Letext0:
 381              		.file 2 "/usr/lib/gcc/arm-none-eabi/10.3.1/include/stdint.h"
 382              		.file 3 "/home/vtrnnhlinh/STM32Cube/Repository/STM32Cube_FW_F4_V1.28.0/Drivers/CMSIS/Device/ST/STM
 383              		.file 4 "/home/vtrnnhlinh/STM32Cube/Repository/STM32Cube_FW_F4_V1.28.0/Drivers/CMSIS/Device/ST/STM
 384              		.file 5 "/home/vtrnnhlinh/STM32Cube/Repository/STM32Cube_FW_F4_V1.28.0/Drivers/STM32F4xx_HAL_Drive
 385              		.file 6 "/home/vtrnnhlinh/STM32Cube/Repository/STM32Cube_FW_F4_V1.28.0/Drivers/STM32F4xx_HAL_Drive
 386              		.file 7 "Core/Inc/stm32f4xx_hal_conf.h"
ARM GAS  /tmp/cc5LAXPf.s 			page 13


DEFINED SYMBOLS
                            *ABS*:0000000000000000 stm32f4xx_hal_pwr_ex.c
     /tmp/cc5LAXPf.s:18     .text.HAL_PWREx_EnableBkUpReg:0000000000000000 $t
     /tmp/cc5LAXPf.s:26     .text.HAL_PWREx_EnableBkUpReg:0000000000000000 HAL_PWREx_EnableBkUpReg
     /tmp/cc5LAXPf.s:83     .text.HAL_PWREx_EnableBkUpReg:0000000000000030 $d
     /tmp/cc5LAXPf.s:89     .text.HAL_PWREx_DisableBkUpReg:0000000000000000 $t
     /tmp/cc5LAXPf.s:96     .text.HAL_PWREx_DisableBkUpReg:0000000000000000 HAL_PWREx_DisableBkUpReg
     /tmp/cc5LAXPf.s:152    .text.HAL_PWREx_DisableBkUpReg:0000000000000030 $d
     /tmp/cc5LAXPf.s:158    .text.HAL_PWREx_EnableFlashPowerDown:0000000000000000 $t
     /tmp/cc5LAXPf.s:165    .text.HAL_PWREx_EnableFlashPowerDown:0000000000000000 HAL_PWREx_EnableFlashPowerDown
     /tmp/cc5LAXPf.s:182    .text.HAL_PWREx_EnableFlashPowerDown:0000000000000008 $d
     /tmp/cc5LAXPf.s:187    .text.HAL_PWREx_DisableFlashPowerDown:0000000000000000 $t
     /tmp/cc5LAXPf.s:194    .text.HAL_PWREx_DisableFlashPowerDown:0000000000000000 HAL_PWREx_DisableFlashPowerDown
     /tmp/cc5LAXPf.s:211    .text.HAL_PWREx_DisableFlashPowerDown:0000000000000008 $d
     /tmp/cc5LAXPf.s:216    .text.HAL_PWREx_GetVoltageRange:0000000000000000 $t
     /tmp/cc5LAXPf.s:223    .text.HAL_PWREx_GetVoltageRange:0000000000000000 HAL_PWREx_GetVoltageRange
     /tmp/cc5LAXPf.s:240    .text.HAL_PWREx_GetVoltageRange:000000000000000c $d
     /tmp/cc5LAXPf.s:245    .rodata.HAL_PWREx_ControlVoltageScaling.str1.4:0000000000000000 $d
     /tmp/cc5LAXPf.s:251    .text.HAL_PWREx_ControlVoltageScaling:0000000000000000 $t
     /tmp/cc5LAXPf.s:258    .text.HAL_PWREx_ControlVoltageScaling:0000000000000000 HAL_PWREx_ControlVoltageScaling
     /tmp/cc5LAXPf.s:373    .text.HAL_PWREx_ControlVoltageScaling:0000000000000070 $d

UNDEFINED SYMBOLS
HAL_GetTick
assert_failed
